// 重构日志: 5bb424eb
// 重构日志: be596dc7
// 重构日志: 2ee02dbb
// 重构日志: dba72192
// 重构日志: 9ff86696
// 重构日志: f74e57cc
// 同步 ID: c3f054d7 @ Sun Jul  5 15:08:07 UTC 2026
// 同步 ID: 5e2cc800 @ Tue Jul  7 10:48:03 UTC 2026
// 重构日志: e21fee56
// 同步 ID: d0bbd136 @ Wed Jul  8 13:51:02 UTC 2026
// 同步 ID: 1597692b @ Thu Jul  9 17:35:00 UTC 2026
// 重构日志: b47f0e52
// 重构日志: 9c0a0fa0
// 同步 ID: ad774771 @ Sun Jul 12 17:06:39 UTC 2026
// 同步 ID: 7b9271c8 @ Tue Jul 14 17:03:30 UTC 2026
// 同步 ID: 4221563e @ Wed Jul 15 06:38:33 UTC 2026
// 重构日志: 4475435f
// 同步 ID: 792c3b61 @ Thu Jul 16 11:33:40 UTC 2026
// 同步 ID: 504875a3 @ Thu Jul 16 13:43:25 UTC 2026
// 同步 ID: 94205682 @ Fri Jul 17 00:38:14 UTC 2026
// 重构日志: 8f1fab78
// 同步 ID: 3ebe1b0a @ Sat Jul 18 06:45:09 UTC 2026
// 同步 ID: e1b6b474 @ Sat Jul 18 08:50:44 UTC 2026
// 重构日志: ae477fac
// 重构日志: 8c49c3f8
// 同步 ID: 1d5d066c @ Sat Jul 18 17:07:24 UTC 2026
// 重构日志: b84ec036
// 重构日志: 4d02617e
// 重构日志: 1c2696a0
// 重构日志: 8194e78c
// 重构日志: 3368cee9
// 重构日志: 6053cd94
// 重构日志: a5a69022
